This is pdfTeX, Version 3.14159265-2.6-1.40.20 (TeX Live 2019/Debian) (preloaded format=pdflatex 2021.5.6)  7 MAR 2022 15:55
entering extended mode
 restricted \write18 enabled.
 %&-line parsing enabled.
**Master_Project_Report.tex
(./Master_Project_Report.tex
LaTeX2e <2020-02-02> patch level 2
L3 programming layer <2020-02-14>
(/usr/share/texlive/texmf-dist/tex/latex/base/article.cls
Document Class: article 2019/12/20 v1.4l Standard LaTeX document class
(/usr/share/texlive/texmf-dist/tex/latex/base/size11.clo
File: size11.clo 2019/12/20 v1.4l Standard LaTeX file (size option)
)
\c@part=\count167
\c@section=\count168
\c@subsection=\count169
\c@subsubsection=\count170
\c@paragraph=\count171
\c@subparagraph=\count172
\c@figure=\count173
\c@table=\count174
\abovecaptionskip=\skip47
\belowcaptionskip=\skip48
\bibindent=\dimen134
)
(/usr/share/texlive/texmf-dist/tex/latex/preprint/fullpage.sty
Package: fullpage 1999/02/23 1.1 (PWD)
\FP@margin=\skip49
)
(/usr/share/texlive/texmf-dist/tex/latex/amsmath/amsmath.sty
Package: amsmath 2020/01/20 v2.17e AMS math features
\@mathmargin=\skip50

For additional information on amsmath, use the `?' option.
(/usr/share/texlive/texmf-dist/tex/latex/amsmath/amstext.sty
Package: amstext 2000/06/29 v2.01 AMS text

(/usr/share/texlive/texmf-dist/tex/latex/amsmath/amsgen.sty
File: amsgen.sty 1999/11/30 v2.0 generic functions
\@emptytoks=\toks14
\ex@=\dimen135
))
(/usr/share/texlive/texmf-dist/tex/latex/amsmath/amsbsy.sty
Package: amsbsy 1999/11/29 v1.2d Bold Symbols
\pmbraise@=\dimen136
)
(/usr/share/texlive/texmf-dist/tex/latex/amsmath/amsopn.sty
Package: amsopn 2016/03/08 v2.02 operator names
)
\inf@bad=\count175
LaTeX Info: Redefining \frac on input line 227.
\uproot@=\count176
\leftroot@=\count177
LaTeX Info: Redefining \overline on input line 389.
\classnum@=\count178
\DOTSCASE@=\count179
LaTeX Info: Redefining \ldots on input line 486.
LaTeX Info: Redefining \dots on input line 489.
LaTeX Info: Redefining \cdots on input line 610.
\Mathstrutbox@=\box45
\strutbox@=\box46
\big@size=\dimen137
LaTeX Font Info:    Redeclaring font encoding OML on input line 733.
LaTeX Font Info:    Redeclaring font encoding OMS on input line 734.
\macc@depth=\count180
\c@MaxMatrixCols=\count181
\dotsspace@=\muskip16
\c@parentequation=\count182
\dspbrk@lvl=\count183
\tag@help=\toks15
\row@=\count184
\column@=\count185
\maxfields@=\count186
\andhelp@=\toks16
\eqnshift@=\dimen138
\alignsep@=\dimen139
\tagshift@=\dimen140
\tagwidth@=\dimen141
\totwidth@=\dimen142
\lineht@=\dimen143
\@envbody=\toks17
\multlinegap=\skip51
\multlinetaggap=\skip52
\mathdisplay@stack=\toks18
LaTeX Info: Redefining \[ on input line 2859.
LaTeX Info: Redefining \] on input line 2860.
)
(/usr/share/texlive/texmf-dist/tex/latex/amsfonts/amssymb.sty
Package: amssymb 2013/01/14 v3.01 AMS font symbols

(/usr/share/texlive/texmf-dist/tex/latex/amsfonts/amsfonts.sty
Package: amsfonts 2013/01/14 v3.01 Basic AMSFonts support
\symAMSa=\mathgroup4
\symAMSb=\mathgroup5
LaTeX Font Info:    Redeclaring math symbol \hbar on input line 98.
LaTeX Font Info:    Overwriting math alphabet `\mathfrak' in version `bold'
(Font)                  U/euf/m/n --> U/euf/b/n on input line 106.
))
(/usr/share/texlive/texmf-dist/tex/latex/mathtools/mathtools.sty
Package: mathtools 2020/01/17 v1.23 mathematical typesetting tools

(/usr/share/texlive/texmf-dist/tex/latex/graphics/keyval.sty
Package: keyval 2014/10/28 v1.15 key=value parser (DPC)
\KV@toks@=\toks19
)
(/usr/share/texlive/texmf-dist/tex/latex/tools/calc.sty
Package: calc 2017/05/25 v4.3 Infix arithmetic (KKT,FJ)
\calc@Acount=\count187
\calc@Bcount=\count188
\calc@Adimen=\dimen144
\calc@Bdimen=\dimen145
\calc@Askip=\skip53
\calc@Bskip=\skip54
LaTeX Info: Redefining \setlength on input line 80.
LaTeX Info: Redefining \addtolength on input line 81.
\calc@Ccount=\count189
\calc@Cskip=\skip55
)
(/usr/share/texlive/texmf-dist/tex/latex/mathtools/mhsetup.sty
Package: mhsetup 2017/03/31 v1.3 programming setup (MH)
)
LaTeX Info: Thecontrolsequence`\('isalreadyrobust on input line 129.
LaTeX Info: Thecontrolsequence`\)'isalreadyrobust on input line 129.
LaTeX Info: Thecontrolsequence`\['isalreadyrobust on input line 129.
LaTeX Info: Thecontrolsequence`\]'isalreadyrobust on input line 129.
\g_MT_multlinerow_int=\count190
\l_MT_multwidth_dim=\dimen146
\origjot=\skip56
\l_MT_shortvdotswithinadjustabove_dim=\dimen147
\l_MT_shortvdotswithinadjustbelow_dim=\dimen148
\l_MT_above_intertext_sep=\dimen149
\l_MT_below_intertext_sep=\dimen150
\l_MT_above_shortintertext_sep=\dimen151
\l_MT_below_shortintertext_sep=\dimen152
)
(/usr/share/texlive/texmf-dist/tex/latex/titlesec/titlesec.sty
Package: titlesec 2019/10/16 v2.13 Sectioning titles
\ttl@box=\box47
\beforetitleunit=\skip57
\aftertitleunit=\skip58
\ttl@plus=\dimen153
\ttl@minus=\dimen154
\ttl@toksa=\toks20
\titlewidth=\dimen155
\titlewidthlast=\dimen156
\titlewidthfirst=\dimen157
)
(/usr/share/texlive/texmf-dist/tex/latex/graphics/graphicx.sty
Package: graphicx 2019/11/30 v1.2a Enhanced LaTeX Graphics (DPC,SPQR)

(/usr/share/texlive/texmf-dist/tex/latex/graphics/graphics.sty
Package: graphics 2019/11/30 v1.4a Standard LaTeX Graphics (DPC,SPQR)

(/usr/share/texlive/texmf-dist/tex/latex/graphics/trig.sty
Package: trig 2016/01/03 v1.10 sin cos tan (DPC)
)
(/usr/share/texlive/texmf-dist/tex/latex/graphics-cfg/graphics.cfg
File: graphics.cfg 2016/06/04 v1.11 sample graphics configuration
)
Package graphics Info: Driver file: pdftex.def on input line 105.

(/usr/share/texlive/texmf-dist/tex/latex/graphics-def/pdftex.def
File: pdftex.def 2018/01/08 v1.0l Graphics/color driver for pdftex
))
\Gin@req@height=\dimen158
\Gin@req@width=\dimen159
)
(/usr/share/texlive/texmf-dist/tex/latex/float/float.sty
Package: float 2001/11/08 v1.3d Float enhancements (AL)
\c@float@type=\count191
\float@exts=\toks21
\float@box=\box48
\@float@everytoks=\toks22
\@floatcapt=\box49
)
(/usr/share/texlive/texmf-dist/tex/latex/wrapfig/wrapfig.sty
\wrapoverhang=\dimen160
\WF@size=\dimen161
\c@WF@wrappedlines=\count192
\WF@box=\box50
\WF@everypar=\toks23
Package: wrapfig 2003/01/31  v 3.6
)
(/usr/share/texlive/texmf-dist/tex/latex/tools/multicol.sty
Package: multicol 2019/12/09 v1.8y multicolumn formatting (FMi)
\c@tracingmulticols=\count193
\mult@box=\box51
\multicol@leftmargin=\dimen162
\c@unbalance=\count194
\c@collectmore=\count195
\doublecol@number=\count196
\multicoltolerance=\count197
\multicolpretolerance=\count198
\full@width=\dimen163
\page@free=\dimen164
\premulticols=\dimen165
\postmulticols=\dimen166
\multicolsep=\skip59
\multicolbaselineskip=\skip60
\partial@page=\box52
\last@line=\box53
\maxbalancingoverflow=\dimen167
\mult@rightbox=\box54
\mult@grightbox=\box55
\mult@gfirstbox=\box56
\mult@firstbox=\box57
\@tempa=\box58
\@tempa=\box59
\@tempa=\box60
\@tempa=\box61
\@tempa=\box62
\@tempa=\box63
\@tempa=\box64
\@tempa=\box65
\@tempa=\box66
\@tempa=\box67
\@tempa=\box68
\@tempa=\box69
\@tempa=\box70
\@tempa=\box71
\@tempa=\box72
\@tempa=\box73
\@tempa=\box74
\@tempa=\box75
\@tempa=\box76
\@tempa=\box77
\@tempa=\box78
\@tempa=\box79
\@tempa=\box80
\@tempa=\box81
\@tempa=\box82
\@tempa=\box83
\@tempa=\box84
\@tempa=\box85
\@tempa=\box86
\@tempa=\box87
\@tempa=\box88
\@tempa=\box89
\@tempa=\box90
\@tempa=\box91
\@tempa=\box92
\@tempa=\box93
\@tempa=\box94
\c@minrows=\count199
\c@columnbadness=\count266
\c@finalcolumnbadness=\count267
\last@try=\dimen168
\multicolovershoot=\dimen169
\multicolundershoot=\dimen170
\mult@nat@firstbox=\box95
\colbreak@box=\box96
\mc@col@check@num=\count268
)
(/usr/share/texlive/texmf-dist/tex/latex/caption/caption.sty
Package: caption 2020/01/03 v3.4h Customizing captions (AR)

(/usr/share/texlive/texmf-dist/tex/latex/caption/caption3.sty
Package: caption3 2020/01/03 v1.8h caption3 kernel (AR)
Package caption3 Info: TeX engine: e-TeX on input line 61.
\captionmargin=\dimen171
\captionmargin@=\dimen172
\captionwidth=\dimen173
\caption@tempdima=\dimen174
\caption@indent=\dimen175
\caption@parindent=\dimen176
\caption@hangindent=\dimen177
Package caption Info: Standard document class detected.
)
\c@caption@flags=\count269
\c@continuedfloat=\count270
Package caption Info: float package is loaded.
Package caption Info: wrapfig package is loaded.
)
(/usr/share/texlive/texmf-dist/tex/latex/hyperref/hyperref.sty
Package: hyperref 2020/01/14 v7.00d Hypertext links for LaTeX

(/usr/share/texlive/texmf-dist/tex/generic/ltxcmds/ltxcmds.sty
Package: ltxcmds 2019/12/15 v1.24 LaTeX kernel commands for general use (HO)
)
(/usr/share/texlive/texmf-dist/tex/generic/iftex/iftex.sty
Package: iftex 2019/11/07 v1.0c TeX engine tests
)
(/usr/share/texlive/texmf-dist/tex/latex/pdftexcmds/pdftexcmds.sty
Package: pdftexcmds 2019/11/24 v0.31 Utility functions of pdfTeX for LuaTeX (HO
)

(/usr/share/texlive/texmf-dist/tex/generic/infwarerr/infwarerr.sty
Package: infwarerr 2019/12/03 v1.5 Providing info/warning/error messages (HO)
)
Package pdftexcmds Info: \pdf@primitive is available.
Package pdftexcmds Info: \pdf@ifprimitive is available.
Package pdftexcmds Info: \pdfdraftmode found.
)
(/usr/share/texlive/texmf-dist/tex/generic/kvsetkeys/kvsetkeys.sty
Package: kvsetkeys 2019/12/15 v1.18 Key value parser (HO)
)
(/usr/share/texlive/texmf-dist/tex/generic/kvdefinekeys/kvdefinekeys.sty
Package: kvdefinekeys 2019-12-19 v1.6 Define keys (HO)
)
(/usr/share/texlive/texmf-dist/tex/generic/pdfescape/pdfescape.sty
Package: pdfescape 2019/12/09 v1.15 Implements pdfTeX's escape features (HO)
)
(/usr/share/texlive/texmf-dist/tex/latex/hycolor/hycolor.sty
Package: hycolor 2020-01-27 v1.10 Color options for hyperref/bookmark (HO)
)
(/usr/share/texlive/texmf-dist/tex/latex/letltxmacro/letltxmacro.sty
Package: letltxmacro 2019/12/03 v1.6 Let assignment for LaTeX macros (HO)
)
(/usr/share/texlive/texmf-dist/tex/latex/auxhook/auxhook.sty
Package: auxhook 2019-12-17 v1.6 Hooks for auxiliary files (HO)
)
(/usr/share/texlive/texmf-dist/tex/latex/kvoptions/kvoptions.sty
Package: kvoptions 2019/11/29 v3.13 Key value format for package options (HO)
)
\@linkdim=\dimen178
\Hy@linkcounter=\count271
\Hy@pagecounter=\count272

(/usr/share/texlive/texmf-dist/tex/latex/hyperref/pd1enc.def
File: pd1enc.def 2020/01/14 v7.00d Hyperref: PDFDocEncoding definition (HO)
Now handling font encoding PD1 ...
... no UTF-8 mapping file for font encoding PD1
)
(/usr/share/texlive/texmf-dist/tex/generic/intcalc/intcalc.sty
Package: intcalc 2019/12/15 v1.3 Expandable calculations with integers (HO)
)
(/usr/share/texlive/texmf-dist/tex/generic/etexcmds/etexcmds.sty
Package: etexcmds 2019/12/15 v1.7 Avoid name clashes with e-TeX commands (HO)
)
\Hy@SavedSpaceFactor=\count273
\pdfmajorversion=\count274
Package hyperref Info: Hyper figures OFF on input line 4547.
Package hyperref Info: Link nesting OFF on input line 4552.
Package hyperref Info: Hyper index ON on input line 4555.
Package hyperref Info: Plain pages OFF on input line 4562.
Package hyperref Info: Backreferencing OFF on input line 4567.
Package hyperref Info: Implicit mode ON; LaTeX internals redefined.
Package hyperref Info: Bookmarks ON on input line 4800.
\c@Hy@tempcnt=\count275

(/usr/share/texlive/texmf-dist/tex/latex/url/url.sty
\Urlmuskip=\muskip17
Package: url 2013/09/16  ver 3.4  Verb mode for urls, etc.
)
LaTeX Info: Redefining \url on input line 5159.
\XeTeXLinkMargin=\dimen179

(/usr/share/texlive/texmf-dist/tex/generic/bitset/bitset.sty
Package: bitset 2019/12/09 v1.3 Handle bit-vector datatype (HO)

(/usr/share/texlive/texmf-dist/tex/generic/bigintcalc/bigintcalc.sty
Package: bigintcalc 2019/12/15 v1.5 Expandable calculations on big integers (HO
)
))
\Fld@menulength=\count276
\Field@Width=\dimen180
\Fld@charsize=\dimen181
Package hyperref Info: Hyper figures OFF on input line 6430.
Package hyperref Info: Link nesting OFF on input line 6435.
Package hyperref Info: Hyper index ON on input line 6438.
Package hyperref Info: backreferencing OFF on input line 6445.
Package hyperref Info: Link coloring OFF on input line 6450.
Package hyperref Info: Link coloring with OCG OFF on input line 6455.
Package hyperref Info: PDF/A mode OFF on input line 6460.
LaTeX Info: Redefining \ref on input line 6500.
LaTeX Info: Redefining \pageref on input line 6504.

(/usr/share/texlive/texmf-dist/tex/generic/atbegshi/atbegshi.sty
Package: atbegshi 2019/12/05 v1.19 At begin shipout hook (HO)
)
\Hy@abspage=\count277
\c@Item=\count278
\c@Hfootnote=\count279
)
Package hyperref Info: Driver (autodetected): hpdftex.

(/usr/share/texlive/texmf-dist/tex/latex/hyperref/hpdftex.def
File: hpdftex.def 2020/01/14 v7.00d Hyperref driver for pdfTeX

(/usr/share/texlive/texmf-dist/tex/latex/atveryend/atveryend.sty
Package: atveryend 2019-12-11 v1.11 Hooks at the very end of document (HO)
Package atveryend Info: \enddocument detected (standard20110627).
)
\Fld@listcount=\count280
\c@bookmark@seq@number=\count281

(/usr/share/texlive/texmf-dist/tex/latex/rerunfilecheck/rerunfilecheck.sty
Package: rerunfilecheck 2019/12/05 v1.9 Rerun checks for auxiliary files (HO)

(/usr/share/texlive/texmf-dist/tex/generic/uniquecounter/uniquecounter.sty
Package: uniquecounter 2019/12/15 v1.4 Provide unlimited unique counter (HO)
)
Package uniquecounter Info: New unique counter `rerunfilecheck' on input line 2
86.
)
\Hy@SectionHShift=\skip61
)
(/usr/share/texlive/texmf-dist/tex/latex/apacite/apacite.sty
Package: apacite 2013/07/21 v6.03 APA citation
\c@BibCnt=\count282
\bibleftmargin=\skip62
\bibindent=\skip63
\bibparsep=\skip64
\bibitemsep=\skip65
\biblabelsep=\skip66
)
(/usr/share/texlive/texmf-dist/tex/latex/tools/tabularx.sty
Package: tabularx 2020/01/15 v2.11c `tabularx' package (DPC)

(/usr/share/texlive/texmf-dist/tex/latex/tools/array.sty
Package: array 2019/08/31 v2.4l Tabular extension package (FMi)
\col@sep=\dimen182
\ar@mcellbox=\box97
\extrarowheight=\dimen183
\NC@list=\toks24
\extratabsurround=\skip67
\backup@length=\skip68
\ar@cellbox=\box98
)
\TX@col@width=\dimen184
\TX@old@table=\dimen185
\TX@old@col=\dimen186
\TX@target=\dimen187
\TX@delta=\dimen188
\TX@cols=\count283
\TX@ftn=\toks25
)
(/usr/share/texlive/texmf-dist/tex/latex/multirow/multirow.sty
Package: multirow 2019/05/31 v2.5 Span multiple rows of a table
\multirow@colwidth=\skip69
\multirow@cntb=\count284
\multirow@dima=\skip70
\bigstrutjot=\dimen189
)
(/usr/share/texlive/texmf-dist/tex/latex/caption/subcaption.sty
Package: subcaption 2020/01/22 v1.3d Sub-captions (AR)
\c@subfigure=\count285
\c@subtable=\count286
)
(/usr/share/texlive/texmf-dist/tex/latex/algorithmicx/algpseudocode.sty
Package: algpseudocode 

(/usr/share/texlive/texmf-dist/tex/latex/base/ifthen.sty
Package: ifthen 2014/09/29 v1.1c Standard LaTeX ifthen package (DPC)
)
(/usr/share/texlive/texmf-dist/tex/latex/algorithmicx/algorithmicx.sty
Package: algorithmicx 2005/04/27 v1.2 Algorithmicx

Document Style algorithmicx 1.2 - a greatly improved `algorithmic' style
\c@ALG@line=\count287
\c@ALG@rem=\count288
\c@ALG@nested=\count289
\ALG@tlm=\skip71
\ALG@thistlm=\skip72
\c@ALG@Lnr=\count290
\c@ALG@blocknr=\count291
\c@ALG@storecount=\count292
\c@ALG@tmpcounter=\count293
\ALG@tmplength=\skip73
)
Document Style - pseudocode environments for use with the `algorithmicx' style
) (/usr/share/texlive/texmf-dist/tex/latex/algorithms/algorithm.sty
Package: algorithm 2009/08/24 v0.1 Document Style `algorithm' - floating enviro
nment
\@float@every@algorithm=\toks26
\c@algorithm=\count294
)
(/usr/share/texlive/texmf-dist/tex/latex/stackengine/stackengine.sty
Package: stackengine 2017/02/13 v4.01\ Stacking text and objects in convenient 
ways

(/usr/share/texlive/texmf-dist/tex/latex/etoolbox/etoolbox.sty
Package: etoolbox 2019/09/21 v2.5h e-TeX tools for LaTeX (JAW)
\etb@tempcnta=\count295
)
(/usr/share/texlive/texmf-dist/tex/generic/listofitems/listofitems.sty
(/usr/share/texlive/texmf-dist/tex/generic/listofitems/listofitems.tex
\loi_cnt_foreach_nest=\count296
\loi_nestcnt=\count297
)
Package: listofitems 2019/08/21 v1.63 Grab items in lists using user-specified 
sep char (CT)
)
\c@@stackindex=\count298
\@boxshift=\skip74
\stack@tmplength=\skip75
\temp@stkl=\skip76
\@stackedboxwidth=\skip77
\@addedbox=\box99
\@anchorbox=\box100
\stackedbox=\box101
\@centerbox=\box102
\c@ROWcellindex@=\count299
)
\mybox=\box103

(/usr/share/texlive/texmf-dist/tex/latex/l3backend/l3backend-pdfmode.def
File: l3backend-pdfmode.def 2020-02-03 L3 backend support: PDF mode
\l__kernel_color_stack_int=\count300
\l__pdf_internal_box=\box104
)
(./Master_Project_Report.aux

LaTeX Warning: Label `alg:cap' multiply defined.

)
\openout1 = `Master_Project_Report.aux'.

LaTeX Font Info:    Checking defaults for OML/cmm/m/it on input line 43.
LaTeX Font Info:    ... okay on input line 43.
LaTeX Font Info:    Checking defaults for OMS/cmsy/m/n on input line 43.
LaTeX Font Info:    ... okay on input line 43.
LaTeX Font Info:    Checking defaults for OT1/cmr/m/n on input line 43.
LaTeX Font Info:    ... okay on input line 43.
LaTeX Font Info:    Checking defaults for T1/cmr/m/n on input line 43.
LaTeX Font Info:    ... okay on input line 43.
LaTeX Font Info:    Checking defaults for TS1/cmr/m/n on input line 43.
LaTeX Font Info:    ... okay on input line 43.
LaTeX Font Info:    Checking defaults for OMX/cmex/m/n on input line 43.
LaTeX Font Info:    ... okay on input line 43.
LaTeX Font Info:    Checking defaults for U/cmr/m/n on input line 43.
LaTeX Font Info:    ... okay on input line 43.
LaTeX Font Info:    Checking defaults for PD1/pdf/m/n on input line 43.
LaTeX Font Info:    ... okay on input line 43.
 (/usr/share/texlive/texmf-dist/tex/context/base/mkii/supp-pdf.mkii
[Loading MPS to PDF converter (version 2006.09.02).]
\scratchcounter=\count301
\scratchdimen=\dimen190
\scratchbox=\box105
\nofMPsegments=\count302
\nofMParguments=\count303
\everyMPshowfont=\toks27
\MPscratchCnt=\count304
\MPscratchDim=\dimen191
\MPnumerator=\count305
\makeMPintoPDFobject=\count306
\everyMPtoPDFconversion=\toks28
) (/usr/share/texlive/texmf-dist/tex/latex/epstopdf-pkg/epstopdf-base.sty
Package: epstopdf-base 2020-01-24 v2.11 Base part for package epstopdf
Package epstopdf-base Info: Redefining graphics rule for `.eps' on input line 4
85.

(/usr/share/texlive/texmf-dist/tex/latex/latexconfig/epstopdf-sys.cfg
File: epstopdf-sys.cfg 2010/07/13 v1.3 Configuration of (r)epstopdf for TeX Liv
e
))
Package caption Info: Begin \AtBeginDocument code.
Package caption Info: hyperref package is loaded.
Package caption Info: End \AtBeginDocument code.
\AtBeginShipoutBox=\box106
Package hyperref Info: Link coloring OFF on input line 43.

(/usr/share/texlive/texmf-dist/tex/latex/hyperref/nameref.sty
Package: nameref 2019/09/16 v2.46 Cross-referencing by name of section

(/usr/share/texlive/texmf-dist/tex/latex/refcount/refcount.sty
Package: refcount 2019/12/15 v3.6 Data extraction from label references (HO)
)
(/usr/share/texlive/texmf-dist/tex/generic/gettitlestring/gettitlestring.sty
Package: gettitlestring 2019/12/15 v1.6 Cleanup title references (HO)
)
\c@section@level=\count307
)
LaTeX Info: Redefining \ref on input line 43.
LaTeX Info: Redefining \pageref on input line 43.
LaTeX Info: Redefining \nameref on input line 43.

(./Master_Project_Report.out) (./Master_Project_Report.out)
\@outlinefile=\write3
\openout3 = `Master_Project_Report.out'.

\c@maskedRefs=\count308

(/usr/share/texlive/texmf-dist/tex/latex/apacite/english.apc
File: english.apc 2013/07/21 v6.03 apacite language file
LaTeX Info: Redefining \BPBI on input line 129.
LaTeX Info: Redefining \BHBI on input line 130.
)
<cover_image.png, id=107, 752.8125pt x 423.08063pt>
File: cover_image.png Graphic file (type png)
<use cover_image.png>
Package pdftex.def Info: cover_image.png  used on input line 65.
(pdftex.def)             Requested size: 362.37569pt x 203.6574pt.
 [1

{/var/lib/texmf/fonts/map/pdftex/updmap/pdftex.map} <./cover_image.png>]
Underfull \hbox (badness 10000) in paragraph at lines 74--84

 []


Underfull \hbox (badness 10000) in paragraph at lines 74--84

 []


Underfull \hbox (badness 10000) in paragraph at lines 74--84

 []

pdfTeX warning (ext4): destination with the same identifier (name{page.1}) has 
been already used, duplicate ignored
<to be read again> 
                   \relax 
l.86 \tableofcontents
                      [1] (./Master_Project_Report.toc
LaTeX Font Info:    Trying to load font information for U+msa on input line 5.

(/usr/share/texlive/texmf-dist/tex/latex/amsfonts/umsa.fd
File: umsa.fd 2013/01/14 v3.01 AMS symbols A
)
LaTeX Font Info:    Trying to load font information for U+msb on input line 5.

(/usr/share/texlive/texmf-dist/tex/latex/amsfonts/umsb.fd
File: umsb.fd 2013/01/14 v3.01 AMS symbols B
))
\tf@toc=\write4
\openout4 = `Master_Project_Report.toc'.

 [2]
Underfull \hbox (badness 10000) in paragraph at lines 90--94

 []

<raytracing_gems.png, id=193, 624.08156pt x 454.69875pt>
File: raytracing_gems.png Graphic file (type png)
<use raytracing_gems.png>
Package pdftex.def Info: raytracing_gems.png  used on input line 110.
(pdftex.def)             Requested size: 203.83417pt x 148.51077pt.
[3 <./raytracing_gems.png (PNG copy)>]
<landing.jpg, id=206, 1927.2pt x 1084.05pt>
File: landing.jpg Graphic file (type jpg)
<use landing.jpg>
Package pdftex.def Info: landing.jpg  used on input line 121.
(pdftex.def)             Requested size: 181.18439pt x 101.91063pt.
<real_photo.png, id=211, 642.4pt x 401.5pt>
File: real_photo.png Graphic file (type png)
<use real_photo.png>
Package pdftex.def Info: real_photo.png  used on input line 131.
(pdftex.def)             Requested size: 158.54152pt x 99.0882pt.
<hyperion.png, id=212, 642.4pt x 401.5pt>
File: hyperion.png Graphic file (type png)
<use hyperion.png>
Package pdftex.def Info: hyperion.png  used on input line 132.
(pdftex.def)             Requested size: 158.54152pt x 99.0882pt.

Underfull \hbox (badness 10000) in paragraph at lines 137--147

 []


Underfull \hbox (badness 10000) in paragraph at lines 137--147

 []


Underfull \hbox (badness 10000) in paragraph at lines 137--147

 []

[4 <./landing.jpg> <./real_photo.png> <./hyperion.png>]
<uniformgrids.png, id=229, 216.81pt x 208.52907pt>
File: uniformgrids.png Graphic file (type png)
<use uniformgrids.png>
Package pdftex.def Info: uniformgrids.png  used on input line 154.
(pdftex.def)             Requested size: 81.5309pt x 78.41776pt.
 [5 <./uniformgrids.PNG>]
<grid_density_graph.png, id=251, 659.46375pt x 465.23813pt>
File: grid_density_graph.png Graphic file (type png)
<use grid_density_graph.png>
Package pdftex.def Info: grid_density_graph.png  used on input line 175.
(pdftex.def)             Requested size: 249.13371pt x 175.75587pt.

Underfull \hbox (badness 10000) in paragraph at lines 180--183

 []

[6 <./grid_density_graph.PNG>]
Underfull \hbox (badness 10000) in paragraph at lines 184--187

 []

<uniformgrids1.png, id=270, 478.03593pt x 441.90094pt>
File: uniformgrids1.png Graphic file (type png)
<use uniformgrids1.png>
Package pdftex.def Info: uniformgrids1.png  used on input line 192.
(pdftex.def)             Requested size: 126.83044pt x 117.23804pt.
<uniformgrids2.png, id=271, 399.74344pt x 376.40625pt>
File: uniformgrids2.png Graphic file (type png)
<use uniformgrids2.png>
Package pdftex.def Info: uniformgrids2.png  used on input line 193.
(pdftex.def)             Requested size: 126.83044pt x 119.42436pt.
<uniformgrids3.png, id=276, 391.4625pt x 374.90062pt>
File: uniformgrids3.png Graphic file (type png)
<use uniformgrids3.png>
Package pdftex.def Info: uniformgrids3.png  used on input line 200.
(pdftex.def)             Requested size: 135.89174pt x 130.14172pt.
<uniformgrids4.png, id=277, 513.41812pt x 373.395pt>
File: uniformgrids4.png Graphic file (type png)
<use uniformgrids4.png>
Package pdftex.def Info: uniformgrids4.png  used on input line 201.
(pdftex.def)             Requested size: 135.89174pt x 98.82954pt.
[7 <./uniformgrids1.PNG> <./uniformgrids2.PNG> <./uniformgrids3.PNG> <./uniform
grids4.PNG>]
Underfull \hbox (badness 10000) in paragraph at lines 216--220

 []


Underfull \hbox (badness 10000) in paragraph at lines 233--240

 []

[8]
<compact_grid_1.png, id=303, 560.8453pt x 601.4972pt>
File: compact_grid_1.png Graphic file (type png)
<use compact_grid_1.png>
Package pdftex.def Info: compact_grid_1.png  used on input line 255.
(pdftex.def)             Requested size: 181.18439pt x 194.30948pt.
<compact_grid_2.png, id=304, 560.8453pt x 601.4972pt>
File: compact_grid_2.png Graphic file (type png)
<use compact_grid_2.png>
Package pdftex.def Info: compact_grid_2.png  used on input line 256.
(pdftex.def)             Requested size: 181.18439pt x 194.30948pt.
<compact_grid_3.png, id=305, 560.8453pt x 601.4972pt>
File: compact_grid_3.png Graphic file (type png)
<use compact_grid_3.png>
Package pdftex.def Info: compact_grid_3.png  used on input line 271.
(pdftex.def)             Requested size: 135.89174pt x 145.73898pt.
 [9 <./compact_grid_1.png> <./compact_grid_2.png>]
<compact_grid_4.png, id=316, 575.90157pt x 48.18pt>
File: compact_grid_4.png Graphic file (type png)
<use compact_grid_4.png>
Package pdftex.def Info: compact_grid_4.png  used on input line 278.
(pdftex.def)             Requested size: 294.42636pt x 24.63248pt.
<compact_grid_5.png, id=317, 575.90157pt x 48.18pt>
File: compact_grid_5.png Graphic file (type png)
<use compact_grid_5.png>
Package pdftex.def Info: compact_grid_5.png  used on input line 285.
(pdftex.def)             Requested size: 294.42636pt x 24.63248pt.
<compact_grid_6.png, id=318, 593.96906pt x 47.42719pt>
File: compact_grid_6.png Graphic file (type png)
<use compact_grid_6.png>
Package pdftex.def Info: compact_grid_6.png  used on input line 291.
(pdftex.def)             Requested size: 294.42636pt x 23.51016pt.
<compact_grid_7.png, id=319, 590.205pt x 47.42719pt>
File: compact_grid_7.png Graphic file (type png)
<use compact_grid_7.png>
Package pdftex.def Info: compact_grid_7.png  used on input line 297.
(pdftex.def)             Requested size: 294.42636pt x 23.65924pt.
<compact_grid_8.png, id=320, 593.96906pt x 130.23656pt>
File: compact_grid_8.png Graphic file (type png)
<use compact_grid_8.png>
Package pdftex.def Info: compact_grid_8.png  used on input line 303.
(pdftex.def)             Requested size: 317.07614pt x 69.52582pt.
 [10 <./compact_grid_3.png> <./compact_grid_4.png> <./compact_grid_5.png> <./co
mpact_grid_6.png> <./compact_grid_7.png> <./compact_grid_8.png>] [11]
Package hyperref Info: bookmark level for unknown algorithm defaults to 0 on in
put line 344.
 [12]
<boundingvolumes.png, id=363, 897.3525pt x 335.75438pt>
File: boundingvolumes.png Graphic file (type png)
<use boundingvolumes.png>
Package pdftex.def Info: boundingvolumes.png  used on input line 377.
(pdftex.def)             Requested size: 339.72592pt x 127.11153pt.
<bvh_pbr.png, id=368, 374.14781pt x 412.54124pt>
File: bvh_pbr.png Graphic file (type png)
<use bvh_pbr.png>
Package pdftex.def Info: bvh_pbr.png  used on input line 390.
(pdftex.def)             Requested size: 158.54152pt x 174.80838pt.

Underfull \hbox (badness 10000) in paragraph at lines 380--392

 []


Underfull \hbox (badness 10000) in paragraph at lines 380--392

 []

[13 <./boundingvolumes.PNG>]
<sorting_bvh.png, id=380, 312.16624pt x 386.44376pt>
File: sorting_bvh.png Graphic file (type png)
<use sorting_bvh.png>
Package pdftex.def Info: sorting_bvh.png  used on input line 404.
(pdftex.def)             Requested size: 135.89174pt x 168.2255pt.
 [14 <./bvh_pbr.PNG>]
<centroid_bvh.png, id=388, 429.85594pt x 433.62pt>
File: centroid_bvh.png Graphic file (type png)
<use centroid_bvh.png>
Package pdftex.def Info: centroid_bvh.png  used on input line 421.
(pdftex.def)             Requested size: 135.89174pt x 137.08064pt.

Underfull \hbox (badness 10000) in paragraph at lines 424--427

 []

[15 <./sorting_bvh.png> <./centroid_bvh.PNG>]
<bvh_1.png, id=404, 576.65437pt x 601.4972pt>
File: bvh_1.png Graphic file (type png)
<use bvh_1.png>
Package pdftex.def Info: bvh_1.png  used on input line 441.
(pdftex.def)             Requested size: 181.18439pt x 188.98618pt.
<bvh_2.png, id=405, 560.8453pt x 601.4972pt>
File: bvh_2.png Graphic file (type png)
<use bvh_2.png>
Package pdftex.def Info: bvh_2.png  used on input line 448.
(pdftex.def)             Requested size: 113.24197pt x 121.44456pt.
<bvh_3.png, id=406, 547.2947pt x 466.74374pt>
File: bvh_3.png Graphic file (type png)
<use bvh_3.png>
Package pdftex.def Info: bvh_3.png  used on input line 449.
(pdftex.def)             Requested size: 113.24197pt x 96.57332pt.
 [16 <./bvh_1.png>]
<bvh_4.png, id=415, 560.8453pt x 601.4972pt>
File: bvh_4.png Graphic file (type png)
<use bvh_4.png>
Package pdftex.def Info: bvh_4.png  used on input line 455.
(pdftex.def)             Requested size: 113.24197pt x 121.44456pt.
<bvh_5.png, id=416, 560.8453pt x 601.4972pt>
File: bvh_5.png Graphic file (type png)
<use bvh_5.png>
Package pdftex.def Info: bvh_5.png  used on input line 456.
(pdftex.def)             Requested size: 113.24197pt x 121.44456pt.
<bvh_6.png, id=417, 567.62062pt x 729.47531pt>
File: bvh_6.png Graphic file (type png)
<use bvh_6.png>
Package pdftex.def Info: bvh_6.png  used on input line 464.
(pdftex.def)             Requested size: 135.89174pt x 174.64354pt.
<bvh_7.png, id=418, 566.115pt x 814.54312pt>
File: bvh_7.png Graphic file (type png)
<use bvh_7.png>
Package pdftex.def Info: bvh_7.png  used on input line 465.
(pdftex.def)             Requested size: 131.35764pt x 188.99402pt.
 [17 <./bvh_2.png> <./bvh_3.png> <./bvh_4.png> <./bvh_5.png> <./bvh_6.png> <./b
vh_7.png>]
[18]
<figures/suzanne.png, id=442, 501.875pt x 501.875pt>
File: figures/suzanne.png Graphic file (type png)
<use figures/suzanne.png>
Package pdftex.def Info: figures/suzanne.png  used on input line 516.
(pdftex.def)             Requested size: 72.2684pt x 72.26999pt.

Overfull \hbox (1.13652pt too wide) in paragraph at lines 516--516
 []|[]| 
 []

<figures/spot.png, id=443, 501.875pt x 501.875pt>
File: figures/spot.png Graphic file (type png)
<use figures/spot.png>
Package pdftex.def Info: figures/spot.png  used on input line 516.
(pdftex.def)             Requested size: 72.2684pt x 72.26999pt.

Overfull \hbox (1.13652pt too wide) in paragraph at lines 516--516
 []|[]| 
 []

<figures/teapot.png, id=444, 501.875pt x 501.875pt>
File: figures/teapot.png Graphic file (type png)
<use figures/teapot.png>
Package pdftex.def Info: figures/teapot.png  used on input line 516.
(pdftex.def)             Requested size: 72.2684pt x 72.26999pt.

Overfull \hbox (1.13652pt too wide) in paragraph at lines 516--516
 []|[]| 
 []

<figures/bunny.png, id=445, 501.875pt x 501.875pt>
File: figures/bunny.png Graphic file (type png)
<use figures/bunny.png>
Package pdftex.def Info: figures/bunny.png  used on input line 516.
(pdftex.def)             Requested size: 72.2684pt x 72.26999pt.

Overfull \hbox (1.13652pt too wide) in paragraph at lines 516--517
 []|[]| 
 []


Underfull \hbox (badness 10000) in paragraph at lines 505--558

 []

[19 <./figures/suzanne.png> <./figures/spot.png> <./figures/teapot.png> <./figu
res/bunny.png>]
<figures/lucy.png, id=457, 501.875pt x 501.875pt>
File: figures/lucy.png Graphic file (type png)
<use figures/lucy.png>
Package pdftex.def Info: figures/lucy.png  used on input line 568.
(pdftex.def)             Requested size: 72.2684pt x 72.26999pt.

Overfull \hbox (1.13652pt too wide) in paragraph at lines 568--568
 []|[]| 
 []

<figures/xyz_dragon.png, id=458, 501.875pt x 501.875pt>
File: figures/xyz_dragon.png Graphic file (type png)
<use figures/xyz_dragon.png>
Package pdftex.def Info: figures/xyz_dragon.png  used on input line 568.
(pdftex.def)             Requested size: 72.2684pt x 72.26999pt.

Overfull \hbox (1.13652pt too wide) in paragraph at lines 568--568
 []|[]| 
 []

<figures/dragon.png, id=459, 501.875pt x 501.875pt>
File: figures/dragon.png Graphic file (type png)
<use figures/dragon.png>
Package pdftex.def Info: figures/dragon.png  used on input line 568.
(pdftex.def)             Requested size: 72.2684pt x 72.26999pt.

Overfull \hbox (1.13652pt too wide) in paragraph at lines 568--568
 []|[]| 
 []

<figures/buddha.png, id=460, 501.875pt x 501.875pt>
File: figures/buddha.png Graphic file (type png)
<use figures/buddha.png>
Package pdftex.def Info: figures/buddha.png  used on input line 568.
(pdftex.def)             Requested size: 72.2684pt x 72.26999pt.

Overfull \hbox (1.13652pt too wide) in paragraph at lines 568--569
 []|[]| 
 []

[20 <./figures/lucy.png> <./figures/xyz_dragon.png> <./figures/dragon.png> <./f
igures/buddha.png>]
Underfull \hbox (badness 10000) in paragraph at lines 618--621

 []


Underfull \hbox (badness 10000) in paragraph at lines 623--626

 []

[21]
<figures/custom_scene.png, id=471, 1003.75pt x 564.1075pt>
File: figures/custom_scene.png Graphic file (type png)
<use figures/custom_scene.png>
Package pdftex.def Info: figures/custom_scene.png  used on input line 635.
(pdftex.def)             Requested size: 173.59122pt x 97.56493pt.

Overfull \hbox (2.8747pt too wide) in paragraph at lines 635--635
 []|[]| 
 []

<figures/benchmark_scene.png, id=472, 1003.75pt x 564.1075pt>
File: figures/benchmark_scene.png Graphic file (type png)
<use figures/benchmark_scene.png>
Package pdftex.def Info: figures/benchmark_scene.png  used on input line 635.
(pdftex.def)             Requested size: 173.59122pt x 97.56493pt.

Overfull \hbox (2.8747pt too wide) in paragraph at lines 635--636
 []|[]| 
 []


Overfull \hbox (1.197pt too wide) in paragraph at lines 631--639
 [][] 
 []


Underfull \hbox (badness 10000) in paragraph at lines 673--678

 []


Underfull \hbox (badness 10000) in paragraph at lines 673--678

 []

[22 <./figures/custom_scene.png> <./figures/benchmark_scene.png>]
Underfull \hbox (badness 10000) in paragraph at lines 679--686

 []


Underfull \hbox (badness 10000) in paragraph at lines 679--686

 []


Underfull \hbox (badness 10000) in paragraph at lines 679--686

 []

[23]
Underfull \hbox (badness 10000) in paragraph at lines 688--693

 []

(./Master_Project_Report.bbl [24]
Underfull \hbox (badness 10000) in paragraph at lines 576--588
\OT1/cmtt/m/n/10.95 OpenGLInsights / OpenGLInsightsCode / blob / master / Chapt
er % 2026 % 20Indexing %
 []

)
Package atveryend Info: Empty hook `BeforeClearDocument' on input line 696.
 [25]
Package atveryend Info: Empty hook `AfterLastShipout' on input line 696.
 (./Master_Project_Report.aux)
Package atveryend Info: Executing hook `AtVeryEndDocument' on input line 696.
Package atveryend Info: Executing hook `AtEndAfterFileList' on input line 696.
Package rerunfilecheck Info: File `Master_Project_Report.out' has not changed.
(rerunfilecheck)             Checksum: C96037559EE043ACF468BC3B3F6C0709;1754.


LaTeX Warning: There were multiply-defined labels.

Package atveryend Info: Empty hook `AtVeryVeryEnd' on input line 696.
 ) 
Here is how much of TeX's memory you used:
 10849 strings out of 481239
 163423 string characters out of 5920378
 442601 words of memory out of 5000000
 25761 multiletter control sequences out of 15000+600000
 545376 words of font info for 73 fonts, out of 8000000 for 9000
 1141 hyphenation exceptions out of 8191
 41i,15n,48p,1580b,514s stack positions out of 5000i,500n,10000p,200000b,80000s
</usr/share/texlive/texmf-dist/fonts/type1/public/amsfonts/cm/cmbx10.pfb></us
r/share/texlive/texmf-dist/fonts/type1/public/amsfonts/cm/cmbx12.pfb></usr/shar
e/texlive/texmf-dist/fonts/type1/public/amsfonts/cm/cmcsc10.pfb></usr/share/tex
live/texmf-dist/fonts/type1/public/amsfonts/cm/cmex10.pfb></usr/share/texlive/t
exmf-dist/fonts/type1/public/amsfonts/cm/cmmi10.pfb></usr/share/texlive/texmf-d
ist/fonts/type1/public/amsfonts/cm/cmmi6.pfb></usr/share/texlive/texmf-dist/fon
ts/type1/public/amsfonts/cm/cmmi8.pfb></usr/share/texlive/texmf-dist/fonts/type
1/public/amsfonts/cm/cmmi9.pfb></usr/share/texlive/texmf-dist/fonts/type1/publi
c/amsfonts/cm/cmmib10.pfb></usr/share/texlive/texmf-dist/fonts/type1/public/ams
fonts/cmextra/cmmib6.pfb></usr/share/texlive/texmf-dist/fonts/type1/public/amsf
onts/cmextra/cmmib8.pfb></usr/share/texlive/texmf-dist/fonts/type1/public/amsfo
nts/cm/cmr10.pfb></usr/share/texlive/texmf-dist/fonts/type1/public/amsfonts/cm/
cmr17.pfb></usr/share/texlive/texmf-dist/fonts/type1/public/amsfonts/cm/cmr6.pf
b></usr/share/texlive/texmf-dist/fonts/type1/public/amsfonts/cm/cmr9.pfb></usr/
share/texlive/texmf-dist/fonts/type1/public/amsfonts/cm/cmsy10.pfb></usr/share/
texlive/texmf-dist/fonts/type1/public/amsfonts/cm/cmsy9.pfb></usr/share/texlive
/texmf-dist/fonts/type1/public/amsfonts/cm/cmti10.pfb></usr/share/texlive/texmf
-dist/fonts/type1/public/amsfonts/cm/cmtt10.pfb>
Output written on Master_Project_Report.pdf (26 pages, 4733581 bytes).
PDF statistics:
 624 PDF objects out of 1000 (max. 8388607)
 484 compressed objects within 5 object streams
 134 named destinations out of 1000 (max. 500000)
 409 words of extra memory for PDF output out of 10000 (max. 10000000)

