\BOOKMARK [1][-]{section.1}{Introduction}{}% 1
\BOOKMARK [1][-]{section.2}{Why Ray tracing?}{}% 2
\BOOKMARK [1][-]{section.3}{How ray tracing works?}{}% 3
\BOOKMARK [1][-]{section.4}{Implementation Details}{}% 4
\BOOKMARK [2][-]{subsection.4.1}{External Libraries}{section.4}% 5
\BOOKMARK [2][-]{subsection.4.2}{Code Structure}{section.4}% 6
\BOOKMARK [1][-]{section.5}{Using PPM \(Portable Pixmap\) format to generate images}{}% 7
\BOOKMARK [1][-]{section.6}{Sending rays into the scene}{}% 8
\BOOKMARK [1][-]{section.7}{Adding a triangle to the scene \(ray-triangle intersection\)}{}% 9
\BOOKMARK [2][-]{subsection.7.1}{Introduction}{section.7}% 10
\BOOKMARK [2][-]{subsection.7.2}{Barycentric Coordinates}{section.7}% 11
\BOOKMARK [2][-]{subsection.7.3}{M\366ller-Trumbore Algorithm}{section.7}% 12
\BOOKMARK [1][-]{section.8}{Adding a sphere to the scene \(ray-sphere intersection\)}{}% 13
\BOOKMARK [1][-]{section.9}{Adding a triangular mesh to the scene}{}% 14
\BOOKMARK [1][-]{section.10}{Shading}{}% 15
\BOOKMARK [2][-]{subsection.10.1}{Point light}{section.10}% 16
\BOOKMARK [2][-]{subsection.10.2}{Diffuse Reflection}{section.10}% 17
\BOOKMARK [2][-]{subsection.10.3}{Ambient Reflection}{section.10}% 18
\BOOKMARK [2][-]{subsection.10.4}{Specular Reflection}{section.10}% 19
\BOOKMARK [1][-]{section.11}{Shadows}{}% 20
\BOOKMARK [1][-]{section.12}{Antialiasing}{}% 21
\BOOKMARK [1][-]{section.13}{Texture mapping}{}% 22
\BOOKMARK [2][-]{subsection.13.1}{Texturing background}{section.13}% 23
\BOOKMARK [2][-]{subsection.13.2}{Texturing a triangle}{section.13}% 24
\BOOKMARK [2][-]{subsection.13.3}{Texturing a sphere}{section.13}% 25
\BOOKMARK [1][-]{section.14}{Transformations}{}% 26
\BOOKMARK [2][-]{subsection.14.1}{Translation}{section.14}% 27
\BOOKMARK [2][-]{subsection.14.2}{Scale}{section.14}% 28
\BOOKMARK [2][-]{subsection.14.3}{Rotation}{section.14}% 29
\BOOKMARK [1][-]{section.15}{Camera}{}% 30
\BOOKMARK [1][-]{section.16}{Axis Aligned Bounding Box \(Ray-AABB intersection\)}{}% 31
\BOOKMARK [2][-]{subsection.16.1}{Analysis of AABB}{section.16}% 32
\BOOKMARK [3][-]{subsubsection.16.1.1}{Scene 1 - Cube}{subsection.16.1}% 33
\BOOKMARK [3][-]{subsubsection.16.1.2}{Scene 2 - Stanford Bunny}{subsection.16.1}% 34
\BOOKMARK [3][-]{subsubsection.16.1.3}{Scene 3 - Utah Teapot}{subsection.16.1}% 35
\BOOKMARK [1][-]{section.17}{Area lights}{}% 36
\BOOKMARK [1][-]{section.18}{Final remarks}{}% 37
\BOOKMARK [1][-]{section.18}{References}{}% 38
